2025-04-06 01:16:09,510 [INFO] -----------------------Starting build-----------------------
2025-04-06 01:16:09,518 [INFO] Running configSets: _OnInstanceBoot
2025-04-06 01:16:09,521 [INFO] Running configSet _OnInstanceBoot
2025-04-06 01:16:09,525 [INFO] Running config AWSEBBaseConfig
2025-04-06 01:16:10,005 [INFO] Command clearbackupfiles succeeded
2025-04-06 01:16:10,010 [INFO] Running config AWSEBCfnHupEndpointOverride
2025-04-06 01:16:10,025 [INFO] Command clearbackupfiles succeeded
2025-04-06 01:16:10,027 [INFO] ConfigSets completed
2025-04-06 01:16:10,027 [INFO] -----------------------Build complete-----------------------
2025-04-06 01:16:19,680 [INFO] -----------------------Starting build-----------------------
2025-04-06 01:16:19,695 [INFO] Running configSets: Infra-EmbeddedPreBuild
2025-04-06 01:16:19,698 [INFO] Running configSet Infra-EmbeddedPreBuild
2025-04-06 01:16:19,699 [INFO] ConfigSets completed
2025-04-06 01:16:19,699 [INFO] -----------------------Build complete-----------------------
2025-04-06 01:16:33,618 [INFO] -----------------------Starting build-----------------------
2025-04-06 01:16:33,628 [INFO] Running configSets: Infra-EmbeddedPostBuild
2025-04-06 01:16:33,639 [INFO] Running configSet Infra-EmbeddedPostBuild
2025-04-06 01:16:33,639 [INFO] ConfigSets completed
2025-04-06 01:16:33,640 [INFO] -----------------------Build complete-----------------------
2025-04-06 01:16:53,701 [INFO] -----------------------Starting build-----------------------
2025-04-06 01:16:53,706 [INFO] Running configSets: _OnInstanceReboot
2025-04-06 01:16:53,708 [INFO] Running configSet _OnInstanceReboot
2025-04-06 01:16:53,710 [INFO] Running config AWSEBBaseConfig
2025-04-06 01:16:54,139 [INFO] Command clearbackupfiles succeeded
2025-04-06 01:16:54,140 [INFO] ConfigSets completed
2025-04-06 01:16:54,140 [INFO] -----------------------Build complete-----------------------
2025-04-06 01:16:57,025 [INFO] -----------------------Starting build-----------------------
2025-04-06 01:16:57,030 [INFO] Running configSets: Infra-EmbeddedPreBuild
2025-04-06 01:16:57,032 [INFO] Running configSet Infra-EmbeddedPreBuild
2025-04-06 01:16:57,032 [INFO] ConfigSets completed
2025-04-06 01:16:57,032 [INFO] -----------------------Build complete-----------------------
2025-04-06 01:17:06,784 [INFO] -----------------------Starting build-----------------------
2025-04-06 01:17:06,790 [INFO] Running configSets: Infra-EmbeddedPostBuild
2025-04-06 01:17:06,792 [INFO] Running configSet Infra-EmbeddedPostBuild
2025-04-06 01:17:06,793 [INFO] ConfigSets completed
2025-04-06 01:17:06,793 [INFO] -----------------------Build complete-----------------------
2025-04-06 21:55:43,221 [INFO] -----------------------Starting build-----------------------
2025-04-06 21:55:43,227 [INFO] Running configSets: Infra-EmbeddedPreBuild
2025-04-06 21:55:43,229 [INFO] Running configSet Infra-EmbeddedPreBuild
2025-04-06 21:55:43,230 [INFO] ConfigSets completed
2025-04-06 21:55:43,230 [INFO] -----------------------Build complete-----------------------
2025-04-06 21:55:53,746 [INFO] -----------------------Starting build-----------------------
2025-04-06 21:55:53,752 [INFO] Running configSets: Infra-EmbeddedPostBuild
2025-04-06 21:55:53,754 [INFO] Running configSet Infra-EmbeddedPostBuild
2025-04-06 21:55:53,754 [INFO] ConfigSets completed
2025-04-06 21:55:53,755 [INFO] -----------------------Build complete-----------------------
2025-04-06 22:05:14,142 [INFO] -----------------------Starting build-----------------------
2025-04-06 22:05:14,148 [INFO] Running configSets: Infra-EmbeddedPreBuild
2025-04-06 22:05:14,151 [INFO] Running configSet Infra-EmbeddedPreBuild
2025-04-06 22:05:14,152 [INFO] ConfigSets completed
2025-04-06 22:05:14,152 [INFO] -----------------------Build complete-----------------------
2025-04-06 22:05:24,552 [INFO] -----------------------Starting build-----------------------
2025-04-06 22:05:24,560 [INFO] Running configSets: Infra-EmbeddedPostBuild
2025-04-06 22:05:24,562 [INFO] Running configSet Infra-EmbeddedPostBuild
2025-04-06 22:05:24,563 [INFO] ConfigSets completed
2025-04-06 22:05:24,563 [INFO] -----------------------Build complete-----------------------
2025-04-06 22:45:48,632 [INFO] -----------------------Starting build-----------------------
2025-04-06 22:45:48,637 [INFO] Running configSets: Infra-EmbeddedPreBuild
2025-04-06 22:45:48,639 [INFO] Running configSet Infra-EmbeddedPreBuild
2025-04-06 22:45:48,640 [INFO] ConfigSets completed
2025-04-06 22:45:48,640 [INFO] -----------------------Build complete-----------------------
2025-04-06 22:45:58,603 [INFO] -----------------------Starting build-----------------------
2025-04-06 22:45:58,610 [INFO] Running configSets: Infra-EmbeddedPostBuild
2025-04-06 22:45:58,614 [INFO] Running configSet Infra-EmbeddedPostBuild
2025-04-06 22:45:58,618 [INFO] ConfigSets completed
2025-04-06 22:45:58,618 [INFO] -----------------------Build complete-----------------------
2025-04-06 22:49:01,312 [INFO] -----------------------Starting build-----------------------
2025-04-06 22:49:01,323 [INFO] Running configSets: Infra-EmbeddedPreBuild
2025-04-06 22:49:01,325 [INFO] Running configSet Infra-EmbeddedPreBuild
2025-04-06 22:49:01,326 [INFO] ConfigSets completed
2025-04-06 22:49:01,326 [INFO] -----------------------Build complete-----------------------
2025-04-06 22:49:11,071 [INFO] -----------------------Starting build-----------------------
2025-04-06 22:49:11,081 [INFO] Running configSets: Infra-EmbeddedPostBuild
2025-04-06 22:49:11,085 [INFO] Running configSet Infra-EmbeddedPostBuild
2025-04-06 22:49:11,086 [INFO] ConfigSets completed
2025-04-06 22:49:11,087 [INFO] -----------------------Build complete-----------------------
2025-04-06 23:04:59,850 [INFO] -----------------------Starting build-----------------------
2025-04-06 23:04:59,857 [INFO] Running configSets: Infra-EmbeddedPreBuild
2025-04-06 23:04:59,859 [INFO] Running configSet Infra-EmbeddedPreBuild
2025-04-06 23:04:59,860 [INFO] ConfigSets completed
2025-04-06 23:04:59,860 [INFO] -----------------------Build complete-----------------------
2025-04-06 23:05:10,529 [INFO] -----------------------Starting build-----------------------
2025-04-06 23:05:10,536 [INFO] Running configSets: Infra-EmbeddedPostBuild
2025-04-06 23:05:10,538 [INFO] Running configSet Infra-EmbeddedPostBuild
2025-04-06 23:05:10,539 [INFO] ConfigSets completed
2025-04-06 23:05:10,539 [INFO] -----------------------Build complete-----------------------
2025-04-06 23:40:41,335 [INFO] -----------------------Starting build-----------------------
2025-04-06 23:40:41,341 [INFO] Running configSets: Infra-EmbeddedPreBuild
2025-04-06 23:40:41,343 [INFO] Running configSet Infra-EmbeddedPreBuild
2025-04-06 23:40:41,343 [INFO] ConfigSets completed
2025-04-06 23:40:41,343 [INFO] -----------------------Build complete-----------------------
2025-04-06 23:40:57,046 [INFO] -----------------------Starting build-----------------------
2025-04-06 23:40:57,051 [INFO] Running configSets: Infra-EmbeddedPostBuild
2025-04-06 23:40:57,053 [INFO] Running configSet Infra-EmbeddedPostBuild
2025-04-06 23:40:57,054 [INFO] ConfigSets completed
2025-04-06 23:40:57,054 [INFO] -----------------------Build complete-----------------------
