2025-04-06 01:16:09,522 P1681 [INFO] ************************************************************
2025-04-06 01:16:09,522 P1681 [INFO] ConfigSet _OnInstanceBoot
2025-04-06 01:16:09,525 P1681 [INFO] ++++++++++++++++++++++++++++++++++++++++++++++++++++++++++++
2025-04-06 01:16:09,525 P1681 [INFO] Config AWSEBBaseConfig
2025-04-06 01:16:09,990 P1681 [INFO] ============================================================
2025-04-06 01:16:09,990 P1681 [INFO] Command clearbackupfiles
2025-04-06 01:16:10,005 P1681 [INFO] Completed successfully.
2025-04-06 01:16:10,010 P1681 [INFO] ++++++++++++++++++++++++++++++++++++++++++++++++++++++++++++
2025-04-06 01:16:10,011 P1681 [INFO] Config AWSEBCfnHupEndpointOverride
2025-04-06 01:16:10,019 P1681 [INFO] ============================================================
2025-04-06 01:16:10,019 P1681 [INFO] Command clearbackupfiles
2025-04-06 01:16:10,024 P1681 [INFO] Completed successfully.
2025-04-06 01:16:19,699 P1822 [INFO] ************************************************************
2025-04-06 01:16:19,699 P1822 [INFO] ConfigSet Infra-EmbeddedPreBuild
2025-04-06 01:16:33,639 P1941 [INFO] ************************************************************
2025-04-06 01:16:33,639 P1941 [INFO] ConfigSet Infra-EmbeddedPostBuild
2025-04-06 01:16:53,708 P2147 [INFO] ************************************************************
2025-04-06 01:16:53,708 P2147 [INFO] ConfigSet _OnInstanceReboot
2025-04-06 01:16:53,710 P2147 [INFO] ++++++++++++++++++++++++++++++++++++++++++++++++++++++++++++
2025-04-06 01:16:53,710 P2147 [INFO] Config AWSEBBaseConfig
2025-04-06 01:16:54,120 P2147 [INFO] ============================================================
2025-04-06 01:16:54,121 P2147 [INFO] Command clearbackupfiles
2025-04-06 01:16:54,139 P2147 [INFO] Completed successfully.
2025-04-06 01:16:57,032 P2183 [INFO] ************************************************************
2025-04-06 01:16:57,032 P2183 [INFO] ConfigSet Infra-EmbeddedPreBuild
2025-04-06 01:17:06,793 P2410 [INFO] ************************************************************
2025-04-06 01:17:06,793 P2410 [INFO] ConfigSet Infra-EmbeddedPostBuild
2025-04-06 21:55:43,230 P50967 [INFO] ************************************************************
2025-04-06 21:55:43,230 P50967 [INFO] ConfigSet Infra-EmbeddedPreBuild
2025-04-06 21:55:53,754 P51204 [INFO] ************************************************************
2025-04-06 21:55:53,754 P51204 [INFO] ConfigSet Infra-EmbeddedPostBuild
2025-04-06 22:05:14,151 P51891 [INFO] ************************************************************
2025-04-06 22:05:14,152 P51891 [INFO] ConfigSet Infra-EmbeddedPreBuild
2025-04-06 22:05:24,562 P52125 [INFO] ************************************************************
2025-04-06 22:05:24,563 P52125 [INFO] ConfigSet Infra-EmbeddedPostBuild
2025-04-06 22:45:48,640 P53950 [INFO] ************************************************************
2025-04-06 22:45:48,640 P53950 [INFO] ConfigSet Infra-EmbeddedPreBuild
2025-04-06 22:45:58,615 P54185 [INFO] ************************************************************
2025-04-06 22:45:58,618 P54185 [INFO] ConfigSet Infra-EmbeddedPostBuild
2025-04-06 22:49:01,326 P54578 [INFO] ************************************************************
2025-04-06 22:49:01,326 P54578 [INFO] ConfigSet Infra-EmbeddedPreBuild
2025-04-06 22:49:11,085 P54808 [INFO] ************************************************************
2025-04-06 22:49:11,086 P54808 [INFO] ConfigSet Infra-EmbeddedPostBuild
2025-04-06 23:04:59,859 P55826 [INFO] ************************************************************
2025-04-06 23:04:59,860 P55826 [INFO] ConfigSet Infra-EmbeddedPreBuild
2025-04-06 23:05:10,538 P55998 [INFO] ************************************************************
2025-04-06 23:05:10,539 P55998 [INFO] ConfigSet Infra-EmbeddedPostBuild
2025-04-06 23:40:41,343 P57662 [INFO] ************************************************************
2025-04-06 23:40:41,343 P57662 [INFO] ConfigSet Infra-EmbeddedPreBuild
2025-04-06 23:40:57,054 P57848 [INFO] ************************************************************
2025-04-06 23:40:57,054 P57848 [INFO] ConfigSet Infra-EmbeddedPostBuild
