[2025-04-06T01:16:08Z] Started EB User Data
+ SLEEP_TIME=2
+ SLEEP_TIME_MAX=3600
+ true
+ curl https://elasticbeanstalk-platform-assets-us-east-1.s3.amazonaws.com/stalks/eb_python313_amazon_linux_2023_1.0.599.0_20250327002531/lib/UserDataScript.sh
  % Total    % Received % Xferd  Average Speed   Time    Time     Time  Current
                                 Dload  Upload   Total   Spent    Left  Speed
  0     0    0     0    0     0      0      0 --:--:-- --:--:-- --:--:--     0100  4838  100  4838    0     0  45143      0 --:--:-- --:--:-- --:--:-- 45641
+ RESULT=0
+ [[ 0 -ne 0 ]]
+ /bin/bash /tmp/ebbootstrap.sh 'https://cloudformation-waitcondition-us-east-1.s3.amazonaws.com/arn%3Aaws%3Acloudformation%3Aus-east-1%3A581818130517%3Astack/awseb-e-mxz6e7zhvx-stack/1e730000-0fd1-11f0-9140-12ccf6d3268d/1e75bf20-0fd1-11f0-9140-12ccf6d3268d/AWSEBInstanceLaunchWaitHandle?X-Amz-Algorithm=AWS4-HMAC-SHA256&X-Amz-Date=20250402T144531Z&X-Amz-SignedHeaders=host&X-Amz-Expires=86399&X-Amz-Credential=AKIA6L7Q4OWT3JRXU3BZ%2F20250402%2Fus-east-1%2Fs3%2Faws4_request&X-Amz-Signature=30e88f3b386a6179f46e659c3e96c638e1ce65f8e03f8e2bd50a5c140109650b' arn:aws:cloudformation:us-east-1:581818130517:stack/awseb-e-mxz6e7zhvx-stack/1e730000-0fd1-11f0-9140-12ccf6d3268d fc8139f8-d642-4937-90b9-f95a34e5dea3 https://elasticbeanstalk-health.us-east-1.amazonaws.com '' https://elasticbeanstalk-platform-assets-us-east-1.s3.amazonaws.com/stalks/eb_python313_amazon_linux_2023_1.0.599.0_20250327002531 us-east-1
[2025-04-06T01:16:08.210Z] Started EB Bootstrapping Script.
[2025-04-06T01:16:08.222Z] Received parameters:
 TARBALLS = 
 EB_GEMS = 
 SIGNAL_URL = https://cloudformation-waitcondition-us-east-1.s3.amazonaws.com/arn%3Aaws%3Acloudformation%3Aus-east-1%3A581818130517%3Astack/awseb-e-mxz6e7zhvx-stack/1e730000-0fd1-11f0-9140-12ccf6d3268d/1e75bf20-0fd1-11f0-9140-12ccf6d3268d/AWSEBInstanceLaunchWaitHandle?X-Amz-Algorithm=AWS4-HMAC-SHA256&X-Amz-Date=20250402T144531Z&X-Amz-SignedHeaders=host&X-Amz-Expires=86399&X-Amz-Credential=AKIA6L7Q4OWT3JRXU3BZ%2F20250402%2Fus-east-1%2Fs3%2Faws4_request&X-Amz-Signature=30e88f3b386a6179f46e659c3e96c638e1ce65f8e03f8e2bd50a5c140109650b
 STACK_ID = arn:aws:cloudformation:us-east-1:581818130517:stack/awseb-e-mxz6e7zhvx-stack/1e730000-0fd1-11f0-9140-12ccf6d3268d
 REGION = us-east-1
 GUID = 
 HEALTHD_GROUP_ID = fc8139f8-d642-4937-90b9-f95a34e5dea3
 HEALTHD_ENDPOINT = https://elasticbeanstalk-health.us-east-1.amazonaws.com
 PROXY_SERVER = 
 HEALTHD_PROXY_LOG_LOCATION = 
 PLATFORM_ASSETS_URL = https://elasticbeanstalk-platform-assets-us-east-1.s3.amazonaws.com/stalks/eb_python313_amazon_linux_2023_1.0.599.0_20250327002531
[2025-04-06T01:16:08.282Z] engine url is set to https://elasticbeanstalk-platform-assets-us-east-1.s3.amazonaws.com/stalks/eb_python313_amazon_linux_2023_1.0.599.0_20250327002531/lib/platform-engine.zip
[2025-04-06T01:16:08.284Z] first init of instance.
[2025-04-06T01:16:08.290Z] Started executing cfn_init _OnInstanceBoot.
[2025-04-06T01:16:08.306Z] Running cfn-init ConfigSet: _OnInstanceBoot.
[2025-04-06T01:16:08.321Z] Using stack-id from userdata
[2025-04-06T01:16:10.109Z] Command Returned: 
[2025-04-06T01:16:10.123Z] Completed executing cfn_init.
[2025-04-06T01:16:10.127Z] finished _OnInstanceBoot
[2025-04-06T01:16:10.133Z] installing platform engine
2025-04-06 01:16:10 URL:https://elasticbeanstalk-platform-assets-us-east-1.s3.amazonaws.com/stalks/eb_python313_amazon_linux_2023_1.0.599.0_20250327002531/lib/platform-engine.zip [33292780/33292780] -> "/tmp/platform-engine.zip" [1]
[2025-04-06T01:16:13.350Z] executing platform engine. see /var/log/eb-engine.log.
+ RESULT=1
+ [[ 1 -ne 0 ]]
+ sleep_delay
+ ((  2 < 3600  ))
+ echo Sleeping 2
Sleeping 2
+ sleep 2
+ SLEEP_TIME=4
+ true
+ curl https://elasticbeanstalk-platform-assets-us-east-1.s3.amazonaws.com/stalks/eb_python313_amazon_linux_2023_1.0.599.0_20250327002531/lib/UserDataScript.sh
  % Total    % Received % Xferd  Average Speed   Time    Time     Time  Current
                                 Dload  Upload   Total   Spent    Left  Speed
  0     0    0     0    0     0      0      0 --:--:-- --:--:-- --:--:--     0100  4838  100  4838    0     0    99k      0 --:--:-- --:--:-- --:--:--  100k
+ RESULT=0
+ [[ 0 -ne 0 ]]
+ /bin/bash /tmp/ebbootstrap.sh 'https://cloudformation-waitcondition-us-east-1.s3.amazonaws.com/arn%3Aaws%3Acloudformation%3Aus-east-1%3A581818130517%3Astack/awseb-e-mxz6e7zhvx-stack/1e730000-0fd1-11f0-9140-12ccf6d3268d/1e75bf20-0fd1-11f0-9140-12ccf6d3268d/AWSEBInstanceLaunchWaitHandle?X-Amz-Algorithm=AWS4-HMAC-SHA256&X-Amz-Date=20250402T144531Z&X-Amz-SignedHeaders=host&X-Amz-Expires=86399&X-Amz-Credential=AKIA6L7Q4OWT3JRXU3BZ%2F20250402%2Fus-east-1%2Fs3%2Faws4_request&X-Amz-Signature=30e88f3b386a6179f46e659c3e96c638e1ce65f8e03f8e2bd50a5c140109650b' arn:aws:cloudformation:us-east-1:581818130517:stack/awseb-e-mxz6e7zhvx-stack/1e730000-0fd1-11f0-9140-12ccf6d3268d fc8139f8-d642-4937-90b9-f95a34e5dea3 https://elasticbeanstalk-health.us-east-1.amazonaws.com '' https://elasticbeanstalk-platform-assets-us-east-1.s3.amazonaws.com/stalks/eb_python313_amazon_linux_2023_1.0.599.0_20250327002531 us-east-1
[2025-04-06T01:16:53.259Z] Started EB Bootstrapping Script.
[2025-04-06T01:16:53.263Z] Received parameters:
 TARBALLS = 
 EB_GEMS = 
 SIGNAL_URL = https://cloudformation-waitcondition-us-east-1.s3.amazonaws.com/arn%3Aaws%3Acloudformation%3Aus-east-1%3A581818130517%3Astack/awseb-e-mxz6e7zhvx-stack/1e730000-0fd1-11f0-9140-12ccf6d3268d/1e75bf20-0fd1-11f0-9140-12ccf6d3268d/AWSEBInstanceLaunchWaitHandle?X-Amz-Algorithm=AWS4-HMAC-SHA256&X-Amz-Date=20250402T144531Z&X-Amz-SignedHeaders=host&X-Amz-Expires=86399&X-Amz-Credential=AKIA6L7Q4OWT3JRXU3BZ%2F20250402%2Fus-east-1%2Fs3%2Faws4_request&X-Amz-Signature=30e88f3b386a6179f46e659c3e96c638e1ce65f8e03f8e2bd50a5c140109650b
 STACK_ID = arn:aws:cloudformation:us-east-1:581818130517:stack/awseb-e-mxz6e7zhvx-stack/1e730000-0fd1-11f0-9140-12ccf6d3268d
 REGION = us-east-1
 GUID = 
 HEALTHD_GROUP_ID = fc8139f8-d642-4937-90b9-f95a34e5dea3
 HEALTHD_ENDPOINT = https://elasticbeanstalk-health.us-east-1.amazonaws.com
 PROXY_SERVER = 
 HEALTHD_PROXY_LOG_LOCATION = 
 PLATFORM_ASSETS_URL = https://elasticbeanstalk-platform-assets-us-east-1.s3.amazonaws.com/stalks/eb_python313_amazon_linux_2023_1.0.599.0_20250327002531
[2025-04-06T01:16:53.268Z] engine url is set to https://elasticbeanstalk-platform-assets-us-east-1.s3.amazonaws.com/stalks/eb_python313_amazon_linux_2023_1.0.599.0_20250327002531/lib/platform-engine.zip
[2025-04-06T01:16:53.271Z] reboot of instance.
[2025-04-06T01:16:53.273Z] Started executing cfn_init _OnInstanceReboot.
[2025-04-06T01:16:53.276Z] Running cfn-init ConfigSet: _OnInstanceReboot.
[2025-04-06T01:16:53.281Z] Using local cached stack name for reboot.
[2025-04-06T01:16:54.204Z] Command Returned: 
[2025-04-06T01:16:54.214Z] Completed executing cfn_init.
[2025-04-06T01:16:54.221Z] finished _OnInstanceReboot
[2025-04-06T01:16:54.224Z] executing platform engine. see /var/log/eb-engine.log.
[2025-04-06T01:17:11.222Z] Successfully bootstrapped instance.
[2025-04-06T01:17:11.230Z] Sending signal 0 to CFN wait condition https://cloudformation-waitcondition-us-east-1.s3.amazonaws.com/arn%3Aaws%3Acloudformation%3Aus-east-1%3A581818130517%3Astack/awseb-e-mxz6e7zhvx-stack/1e730000-0fd1-11f0-9140-12ccf6d3268d/1e75bf20-0fd1-11f0-9140-12ccf6d3268d/AWSEBInstanceLaunchWaitHandle?X-Amz-Algorithm=AWS4-HMAC-SHA256&X-Amz-Date=20250402T144531Z&X-Amz-SignedHeaders=host&X-Amz-Expires=86399&X-Amz-Credential=AKIA6L7Q4OWT3JRXU3BZ%2F20250402%2Fus-east-1%2Fs3%2Faws4_request&X-Amz-Signature=30e88f3b386a6179f46e659c3e96c638e1ce65f8e03f8e2bd50a5c140109650b
Error signaling CloudFormation: [Errno 403] HTTP Error 403 : <?xml version="1.0" encoding="UTF-8"?>
<Error><Code>AccessDenied</Code><Message>Request has expired</Message><X-Amz-Expires>86399</X-Amz-Expires><Expires>2025-04-03T14:45:30Z</Expires><ServerTime>2025-04-06T01:17:11Z</ServerTime><RequestId>RSWH8A14M26TREFT</RequestId><HostId>hdlyukLO9OmD2P9fOMALfO8bQTksDj2KEMZU0AkWAQNteUn3QWX8OxoMRQhjZdOnK5JiKvBUPCE=</HostId></Error>
[2025-04-06T01:17:11.589Z] Wait Condition Signal expired.
[2025-04-06T01:17:11.592Z] Tailing /var/log/eb-engine.log

******************* eb-engine taillog *******************
2025/04/06 01:17:09.176047 [INFO] Renaming /var/app/staging/ to /var/app/current/
2025/04/06 01:17:09.176080 [INFO] Register application processes...
2025/04/06 01:17:09.176085 [INFO] Registering the proc: web

2025/04/06 01:17:09.176094 [INFO] Running command: systemctl show -p PartOf web.service
2025/04/06 01:17:09.238791 [INFO] Running command: systemctl daemon-reload
2025/04/06 01:17:09.535302 [INFO] Running command: systemctl reset-failed
2025/04/06 01:17:09.545748 [INFO] Running command: systemctl is-enabled eb-app.target
2025/04/06 01:17:09.553936 [INFO] Running command: systemctl enable eb-app.target
2025/04/06 01:17:09.875799 [INFO] Running command: systemctl start eb-app.target
2025/04/06 01:17:09.885638 [INFO] Running command: systemctl enable web.service
2025/04/06 01:17:10.191380 [INFO] Created symlink /etc/systemd/system/multi-user.target.wants/web.service → /etc/systemd/system/web.service.

2025/04/06 01:17:10.191412 [INFO] Running command: systemctl show -p PartOf web.service
2025/04/06 01:17:10.204137 [INFO] Running command: systemctl is-active web.service
2025/04/06 01:17:10.213203 [INFO] Running command: systemctl start web.service
2025/04/06 01:17:10.307713 [INFO] Executing instruction: start X-Ray
2025/04/06 01:17:10.307729 [INFO] X-Ray is not enabled.
2025/04/06 01:17:10.307733 [INFO] Executing instruction: start proxy with new configuration
2025/04/06 01:17:10.307755 [INFO] Running command: /usr/sbin/nginx -t -c /var/proxy/staging/nginx/nginx.conf
2025/04/06 01:17:10.359765 [INFO] nginx: [warn] could not build optimal types_hash, you should increase either types_hash_max_size: 1024 or types_hash_bucket_size: 64; ignoring types_hash_bucket_size
nginx: the configuration file /var/proxy/staging/nginx/nginx.conf syntax is ok
nginx: configuration file /var/proxy/staging/nginx/nginx.conf test is successful

2025/04/06 01:17:10.359959 [INFO] Running command: cp -rp /var/proxy/staging/nginx/* /etc/nginx
2025/04/06 01:17:10.365379 [INFO] Running command: systemctl show -p PartOf nginx.service
2025/04/06 01:17:10.387081 [INFO] Running command: systemctl daemon-reload
2025/04/06 01:17:10.833011 [INFO] Running command: systemctl reset-failed
2025/04/06 01:17:10.952529 [INFO] Running command: systemctl show -p PartOf nginx.service
2025/04/06 01:17:10.970758 [INFO] Running command: systemctl is-active nginx.service
2025/04/06 01:17:10.980424 [INFO] Running command: systemctl start nginx.service
2025/04/06 01:17:11.174189 [INFO] Executing instruction: configureSqsd
2025/04/06 01:17:11.174228 [INFO] This is a web server environment instance, skip configure sqsd daemon ...
2025/04/06 01:17:11.174233 [INFO] Executing instruction: startSqsd
2025/04/06 01:17:11.174236 [INFO] This is a web server environment instance, skip start sqsd daemon ...
2025/04/06 01:17:11.174239 [INFO] Executing instruction: Track pids in healthd
2025/04/06 01:17:11.174243 [INFO] This is an enhanced health env...
2025/04/06 01:17:11.174255 [INFO] Running command: systemctl show -p ConsistsOf aws-eb.target | cut -d= -f2
2025/04/06 01:17:11.195377 [INFO] nginx.service healthd.service cfn-hup.service

2025/04/06 01:17:11.195464 [INFO] Running command: systemctl show -p ConsistsOf eb-app.target | cut -d= -f2
2025/04/06 01:17:11.218147 [INFO] web.service

2025/04/06 01:17:11.218533 [INFO] Executing instruction: RunAppDeployPostDeployHooks
2025/04/06 01:17:11.218608 [INFO] Executing platform hooks in .platform/hooks/postdeploy/
2025/04/06 01:17:11.218628 [INFO] The dir .platform/hooks/postdeploy/ does not exist
2025/04/06 01:17:11.218632 [INFO] Finished running scripts in /var/app/current/.platform/hooks/postdeploy
2025/04/06 01:17:11.218639 [INFO] Executing cleanup logic
2025/04/06 01:17:11.218824 [INFO] Platform Engine finished execution on command: self-startup
******************* End of taillog *******************


[2025-04-06T01:17:11.601Z] Tailing /var/log/eb-tools.log

******************* eb-tools taillog *******************
***eb-tools is not available yet.***
******************* End of taillog *******************


[2025-04-06T01:17:11.604Z] Tailing /var/log/eb-hooks.log

******************* eb-hooks taillog *******************

******************* End of taillog *******************


[2025-04-06T01:17:11.612Z] Tailing /var/log/cfn-init.log

******************* cfn-init taillog *******************
2025-04-06 01:16:09,510 [INFO] -----------------------Starting build-----------------------
2025-04-06 01:16:09,518 [INFO] Running configSets: _OnInstanceBoot
2025-04-06 01:16:09,521 [INFO] Running configSet _OnInstanceBoot
2025-04-06 01:16:09,525 [INFO] Running config AWSEBBaseConfig
2025-04-06 01:16:10,005 [INFO] Command clearbackupfiles succeeded
2025-04-06 01:16:10,010 [INFO] Running config AWSEBCfnHupEndpointOverride
2025-04-06 01:16:10,025 [INFO] Command clearbackupfiles succeeded
2025-04-06 01:16:10,027 [INFO] ConfigSets completed
2025-04-06 01:16:10,027 [INFO] -----------------------Build complete-----------------------
2025-04-06 01:16:19,680 [INFO] -----------------------Starting build-----------------------
2025-04-06 01:16:19,695 [INFO] Running configSets: Infra-EmbeddedPreBuild
2025-04-06 01:16:19,698 [INFO] Running configSet Infra-EmbeddedPreBuild
2025-04-06 01:16:19,699 [INFO] ConfigSets completed
2025-04-06 01:16:19,699 [INFO] -----------------------Build complete-----------------------
2025-04-06 01:16:33,618 [INFO] -----------------------Starting build-----------------------
2025-04-06 01:16:33,628 [INFO] Running configSets: Infra-EmbeddedPostBuild
2025-04-06 01:16:33,639 [INFO] Running configSet Infra-EmbeddedPostBuild
2025-04-06 01:16:33,639 [INFO] ConfigSets completed
2025-04-06 01:16:33,640 [INFO] -----------------------Build complete-----------------------
2025-04-06 01:16:53,701 [INFO] -----------------------Starting build-----------------------
2025-04-06 01:16:53,706 [INFO] Running configSets: _OnInstanceReboot
2025-04-06 01:16:53,708 [INFO] Running configSet _OnInstanceReboot
2025-04-06 01:16:53,710 [INFO] Running config AWSEBBaseConfig
2025-04-06 01:16:54,139 [INFO] Command clearbackupfiles succeeded
2025-04-06 01:16:54,140 [INFO] ConfigSets completed
2025-04-06 01:16:54,140 [INFO] -----------------------Build complete-----------------------
2025-04-06 01:16:57,025 [INFO] -----------------------Starting build-----------------------
2025-04-06 01:16:57,030 [INFO] Running configSets: Infra-EmbeddedPreBuild
2025-04-06 01:16:57,032 [INFO] Running configSet Infra-EmbeddedPreBuild
2025-04-06 01:16:57,032 [INFO] ConfigSets completed
2025-04-06 01:16:57,032 [INFO] -----------------------Build complete-----------------------
2025-04-06 01:17:06,784 [INFO] -----------------------Starting build-----------------------
2025-04-06 01:17:06,790 [INFO] Running configSets: Infra-EmbeddedPostBuild
2025-04-06 01:17:06,792 [INFO] Running configSet Infra-EmbeddedPostBuild
2025-04-06 01:17:06,793 [INFO] ConfigSets completed
2025-04-06 01:17:06,793 [INFO] -----------------------Build complete-----------------------
******************* End of taillog *******************


[2025-04-06T01:17:11.623Z] Tailing /var/log/cfn-hup.log

******************* cfn-hup taillog *******************
2025-04-06 01:16:19,489 [DEBUG] CloudFormation client initialized with endpoint https://cloudformation.us-east-1.amazonaws.com
2025-04-06 01:16:19,490 [DEBUG] SQS client initialized with endpoint https://sqs.us-east-1.amazonaws.com
2025-04-06 01:16:19,490 [DEBUG] CloudFormation client initialized with endpoint https://cloudformation.us-east-1.amazonaws.com
2025-04-06 01:16:19,490 [DEBUG] Enabled single threading mode.
2025-04-06 01:16:19,490 [DEBUG] Creating /var/lib/cfn-hup/data
2025-04-06 01:16:19,501 [INFO] No umask value specified in config file. Using the default one: 0o22
2025-04-06 01:16:19,612 [INFO] Pid: 1818
2025-04-06 01:16:19,997 [INFO] Refreshing listener credentials
2025-04-06 01:16:20,154 [INFO] Scheduling next credential refresh in 1799.0 seconds
******************* End of taillog *******************


[2025-04-06T01:17:11.635Z] Completed EB Bootstrapping Script.
+ RESULT=0
+ [[ 0 -ne 0 ]]
+ exit 0
